2024-10-28 22:17:13,240 - INFO - File watcher starting up...
2024-10-28 22:17:13,240 - INFO - Starting file watcher on directory: /home/steve/projects/787winners/787newdev/src/input
2024-10-28 22:17:13,240 - INFO - Watching directory: /home/steve/projects/787winners/787newdev/src/input
2024-10-28 22:17:27,171 - INFO - ============= Starting Process =============
2024-10-28 22:17:27,172 - INFO - Processing new file: tickets_20240831.csv
2024-10-28 22:17:27,172 - INFO - Step 1: Starting file validation...
2024-10-28 22:17:27,189 - INFO - Validation Successful!
2024-10-28 22:17:27,189 - INFO - Found 226 records in file
2024-10-28 22:17:27,189 - INFO - Step 2: Starting data processing...
2024-10-28 22:17:27,259 - INFO - Successfully processed 56 records
2024-10-28 22:17:27,259 - INFO - Saved consolidated output to /home/steve/projects/787winners/787newdev/src/processed/consolidated_tickets_20240831.csv
2024-10-28 22:17:27,259 - INFO - Moved tickets_20240831.csv to processed/20241028_221727_tickets_20240831.csv
2024-10-28 22:17:27,260 - INFO - File processing completed successfully
2024-10-28 22:17:27,260 - INFO - ============= Process Complete =============

2024-10-28 22:19:25,894 - INFO - ============= Starting Process =============
2024-10-28 22:19:25,894 - INFO - Processing new file: tickets_20240901.csv
2024-10-28 22:19:25,894 - INFO - Step 1: Starting file validation...
2024-10-28 22:19:25,921 - INFO - Validation Successful!
2024-10-28 22:19:25,922 - INFO - Found 199 records in file
2024-10-28 22:19:25,922 - INFO - Step 2: Starting data processing...
2024-10-28 22:19:26,008 - INFO - Successfully processed 55 records
2024-10-28 22:19:26,008 - INFO - Saved consolidated output to /home/steve/projects/787winners/787newdev/src/processed/consolidated_tickets_20240901.csv
2024-10-28 22:19:26,008 - INFO - Moved tickets_20240901.csv to processed/20241028_221926_tickets_20240901.csv
2024-10-28 22:19:26,009 - INFO - File processing completed successfully
2024-10-28 22:19:26,009 - INFO - ============= Process Complete =============

2024-10-28 22:37:03,522 - INFO - Stopping file watcher...
